<?xml version="1.0" encoding="UTF-8"?>
<testsuite name="models.AnimalsTest" tests="1" skipped="0" failures="0" errors="0" timestamp="2020-07-16T10:33:43" hostname="moringa-ThinkPad-T450" time="0.153">
  <properties/>
  <testcase name="returnsTrueIfNamesAreTheSame_true" classname="models.AnimalsTest" time="0.153"/>
  <system-out><![CDATA[]]></system-out>
  <system-err><![CDATA[]]></system-err>
</testsuite>
